{"level":"info","message":"Listening http://localhost:3000"}
{"level":"info","message":"Database connection successfully..."}
{"level":"info","message":"Listening http://localhost:3000"}
{"level":"info","message":"Database connection successfully..."}
{"level":"info","message":"Listening http://localhost:3000"}
{"level":"info","message":"Database connection successfully..."}
{"level":"info","message":"Listening http://localhost:3000"}
{"level":"info","message":"Database connection successfully..."}
{"level":"info","message":"Listening http://localhost:3000"}
{"level":"info","message":"Database connection successfully..."}
{"level":"info","message":"Listening http://localhost:3000"}
{"level":"info","message":"Database connection successfully..."}
{"level":"info","message":"Listening http://localhost:3000"}
{"level":"info","message":"Database connection successfully..."}
{"level":"info","message":"Listening http://localhost:3000"}
{"level":"info","message":"Database connection successfully..."}
{"level":"info","message":"Listening http://localhost:3000"}
{"level":"info","message":"Database connection successfully..."}
{"level":"info","message":"Listening http://localhost:3000"}
{"level":"info","message":"Database connection successfully..."}
{"level":"info","message":"Listening http://localhost:3000"}
{"level":"info","message":"Database connection successfully..."}
{"level":"info","message":"Listening http://localhost:3000"}
{"level":"info","message":"Database connection successfully..."}
{"level":"info","message":"Listening http://localhost:3000"}
{"level":"info","message":"Database connection successfully..."}
{"level":"info","message":"Listening http://localhost:3000"}
{"level":"info","message":"Database connection successfully..."}
{"level":"info","message":"Listening http://localhost:3000"}
{"level":"info","message":"Database connection successfully..."}
{"level":"info","message":"Listening http://localhost:3000"}
{"level":"info","message":"Database connection successfully..."}
{"level":"info","message":"Listening http://localhost:3000"}
{"level":"info","message":"Database connection successfully..."}
{"level":"info","message":"Listening http://localhost:3000"}
{"level":"info","message":"Database connection successfully..."}
{"level":"info","message":"Listening http://localhost:3000"}
{"level":"info","message":"Database connection successfully..."}
{"level":"info","message":"Listening http://localhost:3000"}
{"level":"info","message":"Database connection successfully..."}
{"level":"info","message":"Listening http://localhost:3000"}
{"level":"info","message":"Database connection successfully..."}
{"level":"info","message":"Listening http://localhost:3000"}
{"level":"info","message":"Database connection successfully..."}
{"level":"info","message":"Listening http://localhost:3000"}
{"level":"info","message":"Database connection successfully..."}
{"level":"info","message":"Listening http://localhost:3000"}
{"level":"info","message":"Database connection successfully..."}
{"level":"info","message":"Listening http://localhost:3000"}
{"level":"info","message":"Database connection successfully..."}
{"level":"info","message":"Listening http://localhost:3000"}
{"level":"info","message":"Database connection successfully..."}
{"level":"info","message":"Listening http://localhost:3000"}
{"level":"info","message":"Database connection successfully..."}
{"level":"info","message":"Listening http://localhost:3000"}
{"level":"info","message":"Database connection successfully..."}
{"level":"info","message":"Listening http://localhost:3000"}
{"level":"info","message":"Database connection successfully..."}
{"level":"info","message":"Listening http://localhost:3000"}
{"level":"info","message":"Listening http://localhost:3000"}
{"level":"info","message":"Database connection successfully..."}
{"level":"info","message":"Listening http://localhost:3000"}
{"level":"info","message":"Database connection successfully..."}
{"level":"info","message":"Listening http://localhost:3000"}
{"level":"info","message":"Database connection successfully..."}
{"level":"info","message":"Listening http://localhost:3000"}
{"level":"info","message":"Database connection successfully..."}
{"level":"info","message":"Listening http://localhost:3000"}
{"level":"info","message":"Listening http://localhost:8080"}
{"level":"info","message":"Database connection successfully..."}
{"level":"info","message":"Database connection successfully..."}
{"level":"info","message":"Listening http://localhost:8080"}
{"level":"info","message":"Database connection successfully..."}
{"level":"info","message":"Listening http://localhost:8080"}
{"level":"info","message":"Database connection successfully..."}
{"level":"info","message":"Listening http://localhost:8080"}
{"level":"info","message":"Database connection successfully..."}
{"level":"info","message":"Listening http://localhost:8080"}
{"level":"info","message":"Database connection successfully..."}
{"level":"info","message":"Listening http://localhost:8080"}
{"level":"info","message":"Database connection successfully..."}
{"level":"info","message":"Listening http://localhost:8080"}
{"level":"info","message":"Database connection successfully..."}
{"level":"info","message":"Listening http://localhost:8080"}
{"level":"info","message":"Database connection successfully..."}
{"level":"info","message":"Listening http://localhost:8080"}
{"level":"info","message":"Database connection successfully..."}
{"level":"info","message":"Listening http://localhost:8080"}
{"level":"info","message":"Database connection successfully..."}
{"level":"info","message":"Listening http://localhost:8080"}
{"level":"info","message":"Database connection successfully..."}
{"level":"info","message":"Listening http://localhost:8080"}
{"level":"info","message":"Database connection successfully..."}
{"level":"info","message":"Listening http://localhost:8080"}
{"level":"info","message":"Database connection successfully..."}
{"level":"info","message":"Listening http://localhost:8080"}
{"level":"info","message":"Database connection successfully..."}
{"level":"info","message":"Listening http://localhost:8080"}
{"level":"info","message":"Database connection successfully..."}
{"level":"info","message":"Listening http://localhost:8080"}
{"level":"info","message":"Database connection successfully..."}
{"level":"info","message":"Listening http://localhost:8080"}
{"level":"info","message":"Database connection successfully..."}
{"level":"info","message":"Listening http://localhost:8080"}
{"level":"info","message":"Listening http://localhost:8080"}
{"level":"info","message":"Database connection successfully..."}
{"level":"info","message":"Database connection successfully..."}
{"level":"info","message":"Listening http://localhost:8080"}
{"level":"info","message":"Database connection successfully..."}
{"level":"info","message":"Listening http://localhost:8080"}
{"level":"info","message":"Database connection successfully..."}
{"level":"info","message":"Listening http://localhost:8080"}
{"level":"info","message":"Database connection successfully..."}
{"level":"info","message":"Listening http://localhost:8080"}
{"level":"info","message":"Database connection successfully..."}
{"level":"info","message":"Listening http://localhost:8080"}
{"level":"info","message":"Database connection successfully..."}
{"level":"info","message":"Listening http://localhost:8080"}
{"level":"info","message":"Database connection successfully..."}
{"level":"info","message":"Listening http://localhost:8080"}
{"level":"info","message":"Database connection successfully..."}
{"level":"info","message":"Listening http://localhost:8080"}
{"level":"info","message":"Database connection successfully..."}
{"level":"info","message":"Listening http://localhost:8080"}
{"level":"info","message":"Database connection successfully..."}
{"level":"info","message":"Listening http://localhost:8080"}
{"level":"info","message":"Database connection successfully..."}
{"level":"info","message":"Listening http://localhost:8080"}
{"level":"info","message":"Listening http://localhost:8080"}
{"level":"info","message":"Database connection successfully..."}
{"level":"info","message":"Listening http://localhost:8080"}
{"level":"info","message":"Database connection successfully..."}
{"level":"info","message":"Listening http://localhost:8080"}
{"level":"info","message":"Database connection successfully..."}
{"level":"info","message":"Listening http://localhost:8080"}
{"level":"info","message":"Database connection successfully..."}
{"level":"info","message":"Listening http://localhost:8080"}
{"level":"info","message":"Database connection successfully..."}
{"level":"info","message":"Listening http://localhost:8080"}
{"level":"info","message":"Database connection successfully..."}
{"level":"info","message":"Listening http://localhost:8080"}
{"level":"info","message":"Listening http://localhost:8080"}
{"level":"warn","message":"deleting inactive user accounts..."}
{"level":"info","message":"Database connection successfully..."}
{"level":"info","message":"Listening http://localhost:8080"}
{"level":"info","message":"Database connection successfully..."}
{"level":"info","message":"Listening http://localhost:8080"}
{"level":"info","message":"Database connection successfully..."}
{"level":"info","message":"Listening http://localhost:8080"}
{"level":"info","message":"Database connection successfully..."}
{"level":"info","message":"Listening http://localhost:8080"}
{"level":"info","message":"Database connection successfully..."}
{"level":"info","message":"Listening http://localhost:8080"}
{"level":"info","message":"Database connection successfully..."}
{"level":"info","message":"Database connection successfully..."}
{"level":"info","message":"Listening http://localhost:8080"}
{"level":"info","message":"Listening http://localhost:8080"}
{"level":"info","message":"Database connection successfully..."}
{"level":"info","message":"Database connection successfully..."}
{"level":"info","message":"Listening http://localhost:8080"}
{"level":"info","message":"Listening http://localhost:8080"}
{"level":"info","message":"Database connection successfully..."}
{"level":"info","message":"Listening http://localhost:8080"}
{"level":"info","message":"Database connection successfully..."}
{"level":"info","message":"Database connection successfully..."}
{"level":"info","message":"Listening http://localhost:8080"}
{"level":"info","message":"Listening http://localhost:8080"}
{"level":"info","message":"Database connection successfully..."}
{"level":"info","message":"Listening http://localhost:8080"}
{"level":"info","message":"Database connection successfully..."}
{"level":"info","message":"Listening http://localhost:8080"}
{"level":"info","message":"Database connection successfully..."}
{"level":"info","message":"Listening http://localhost:8080"}
{"level":"info","message":"Database connection successfully..."}
{"level":"info","message":"Listening http://localhost:8080"}
{"level":"info","message":"Database connection successfully..."}
{"level":"info","message":"Listening http://localhost:8080"}
{"level":"info","message":"Database connection successfully..."}
{"level":"info","message":"Listening http://localhost:8080"}
{"level":"info","message":"Database connection successfully..."}
{"level":"info","message":"Listening http://localhost:8080"}
{"level":"info","message":"Database connection successfully..."}
{"level":"info","message":"Listening http://localhost:8080"}
{"level":"info","message":"Primary process 15840 is running"}
{"level":"info","message":"process 15950 started"}
{"level":"info","message":"process 15927 started"}
{"level":"info","message":"process 15935 started"}
{"level":"info","message":"process 15925 started"}
{"level":"info","message":"process 15949 started"}
{"level":"info","message":"process 15956 started"}
{"level":"info","message":"process 15938 started"}
{"level":"info","message":"process 15924 started"}
{"level":"info","message":"Database connection successfully..."}
{"level":"info","message":"Database connection successfully..."}
{"level":"info","message":"Listening http://localhost:8080"}
{"level":"info","message":"Listening http://localhost:8080"}
{"level":"info","message":"Database connection successfully..."}
{"level":"info","message":"Listening http://localhost:8080"}
{"level":"info","message":"Database connection successfully..."}
{"level":"info","message":"Listening http://localhost:8080"}
{"level":"info","message":"Database connection successfully..."}
{"level":"info","message":"Listening http://localhost:8080"}
{"level":"info","message":"Database connection successfully..."}
{"level":"info","message":"Listening http://localhost:8080"}
{"level":"info","message":"Database connection successfully..."}
{"level":"info","message":"Listening http://localhost:8080"}
{"level":"info","message":"Database connection successfully..."}
{"level":"info","message":"Listening http://localhost:8080"}
{"level":"info","message":"Primary process 35026 is running"}
{"level":"info","message":"process 35113 started"}
{"level":"info","message":"process 35096 started"}
{"level":"info","message":"process 35094 started"}
{"level":"info","message":"process 35107 started"}
{"level":"info","message":"process 35121 started"}
{"level":"info","message":"process 35095 started"}
{"level":"info","message":"process 35115 started"}
{"level":"info","message":"process 35126 started"}
{"level":"info","message":"Primary process 36526 is running"}
{"level":"info","message":"process 36592 started"}
{"level":"info","message":"process 36593 started"}
{"level":"info","message":"process 36599 started"}
{"level":"info","message":"process 36605 started"}
{"level":"info","message":"process 36595 started"}
{"level":"info","message":"process 36598 started"}
{"level":"info","message":"process 36594 started"}
{"level":"info","message":"process 36622 started"}
{"level":"info","message":"Database connection successfully..."}
{"level":"info","message":"Listening http://localhost:8080"}
{"level":"info","message":"Database connection successfully..."}
{"level":"info","message":"Listening http://localhost:8080"}
{"level":"info","message":"Database connection successfully..."}
{"level":"info","message":"Listening http://localhost:8080"}
{"level":"info","message":"Database connection successfully..."}
{"level":"info","message":"Listening http://localhost:8080"}
{"level":"info","message":"Database connection successfully..."}
{"level":"info","message":"Listening http://localhost:8080"}
{"level":"info","message":"Database connection successfully..."}
{"level":"info","message":"Listening http://localhost:8080"}
{"level":"info","message":"Database connection successfully..."}
{"level":"info","message":"Listening http://localhost:8080"}
{"level":"info","message":"Database connection successfully..."}
{"level":"info","message":"Listening http://localhost:8080"}
