{"code":8000,"codeName":"AtlasError","connectionGeneration":0,"level":"error","ok":0}
{"level":"warn","message":"EENVELOPE"}
{"level":"warn","message":"EENVELOPE"}
{"level":"warn","message":"EENVELOPE"}
{"level":"warn","message":"EENVELOPE"}
{"level":"warn","message":"EENVELOPE"}
{"level":"warn"}
{"level":"warn"}
{"level":"warn"}
{"level":"warn"}
{"level":"warn"}
{"level":"warn"}
{"level":"warn"}
{"level":"warn"}
{"level":"warn"}
{"level":"warn"}
{"level":"warn"}
{"level":"warn"}
{"level":"warn"}
{"level":"warn"}
{"level":"warn"}
{"level":"warn"}
{"level":"warn"}
{"level":"warn"}
{"level":"warn"}
{"level":"warn"}
{"level":"warn"}
{"level":"warn"}
{"level":"warn"}
{"level":"warn"}
{"level":"warn"}
{"level":"warn","message":"EAUTH"}
{"level":"warn","message":"EAUTH"}
{"level":"warn","message":"EAUTH"}
{"level":"warn","message":"EAUTH"}
{"level":"warn"}
{"level":"warn"}
{"level":"warn"}
{"level":"warn"}
{"level":"warn"}
{"level":"warn"}
{"level":"warn"}
{"level":"warn"}
{"level":"warn"}
{"level":"warn"}
{"level":"warn"}
{"level":"warn"}
{"level":"warn"}
{"level":"warn"}
{"level":"warn"}
{"level":"warn"}
{"level":"warn"}
{"level":"warn"}
{"level":"warn"}
{"level":"warn"}
{"level":"warn"}
{"level":"warn"}
{"level":"warn"}
{"level":"warn"}
{"level":"warn"}
{"level":"warn"}
{"level":"warn"}
{"level":"warn"}
{"code":"ETIMEOUT","hostname":"_mongodb._tcp.cluster0.ofzkzqi.mongodb.net","level":"error","syscall":"querySrv"}
{"level":"warn","message":11000}
{"level":"warn","message":11000}
{"level":"warn","message":11000}
